Determining if the function wsyncup exists in the /usr/lib/aarch64-linux-gnu/libcurses.so passed with the following output:
Change Dir: /home/parallels/Downloads/cmake-3.24.0/Source/Checks/Curses-build/CMakeFiles/CMakeTmp

Run Build Command(s):/usr/bin/make -f Makefile cmTC_c8c46/fast && make  -f CMakeFiles/cmTC_c8c46.dir/build.make CMakeFiles/cmTC_c8c46.dir/build
make[1]: Verzeichnis „/home/parallels/Downloads/cmake-3.24.0/Source/Checks/Curses-build/CMakeFiles/CMakeTmp“ wird betreten
Building C object CMakeFiles/cmTC_c8c46.dir/CheckFunctionExists.c.o
/usr/bin/gcc   -DCHECK_FUNCTION_EXISTS=wsyncup -o CMakeFiles/cmTC_c8c46.dir/CheckFunctionExists.c.o -c /home/parallels/Downloads/cmake-3.24.0/Modules/CheckFunctionExists.c
Linking C executable cmTC_c8c46
/home/parallels/Downloads/cmake-3.24.0/Bootstrap.cmk/cmake -E cmake_link_script CMakeFiles/cmTC_c8c46.dir/link.txt --verbose=1
/usr/bin/gcc  -DCHECK_FUNCTION_EXISTS=wsyncup -rdynamic CMakeFiles/cmTC_c8c46.dir/CheckFunctionExists.c.o -o cmTC_c8c46  -lcurses 
make[1]: Verzeichnis „/home/parallels/Downloads/cmake-3.24.0/Source/Checks/Curses-build/CMakeFiles/CMakeTmp“ wird verlassen



Determining if the function cbreak exists in the /usr/lib/aarch64-linux-gnu/libncurses.so passed with the following output:
Change Dir: /home/parallels/Downloads/cmake-3.24.0/Source/Checks/Curses-build/CMakeFiles/CMakeTmp

Run Build Command(s):/usr/bin/make -f Makefile cmTC_c9545/fast && make  -f CMakeFiles/cmTC_c9545.dir/build.make CMakeFiles/cmTC_c9545.dir/build
make[1]: Verzeichnis „/home/parallels/Downloads/cmake-3.24.0/Source/Checks/Curses-build/CMakeFiles/CMakeTmp“ wird betreten
Building C object CMakeFiles/cmTC_c9545.dir/CheckFunctionExists.c.o
/usr/bin/gcc   -DCHECK_FUNCTION_EXISTS=cbreak -o CMakeFiles/cmTC_c9545.dir/CheckFunctionExists.c.o -c /home/parallels/Downloads/cmake-3.24.0/Modules/CheckFunctionExists.c
Linking C executable cmTC_c9545
/home/parallels/Downloads/cmake-3.24.0/Bootstrap.cmk/cmake -E cmake_link_script CMakeFiles/cmTC_c9545.dir/link.txt --verbose=1
/usr/bin/gcc  -DCHECK_FUNCTION_EXISTS=cbreak -rdynamic CMakeFiles/cmTC_c9545.dir/CheckFunctionExists.c.o -o cmTC_c9545  -lncurses 
make[1]: Verzeichnis „/home/parallels/Downloads/cmake-3.24.0/Source/Checks/Curses-build/CMakeFiles/CMakeTmp“ wird verlassen



Determining if the function nodelay exists in the /usr/lib/aarch64-linux-gnu/libncurses.so passed with the following output:
Change Dir: /home/parallels/Downloads/cmake-3.24.0/Source/Checks/Curses-build/CMakeFiles/CMakeTmp

Run Build Command(s):/usr/bin/make -f Makefile cmTC_200bb/fast && make  -f CMakeFiles/cmTC_200bb.dir/build.make CMakeFiles/cmTC_200bb.dir/build
make[1]: Verzeichnis „/home/parallels/Downloads/cmake-3.24.0/Source/Checks/Curses-build/CMakeFiles/CMakeTmp“ wird betreten
Building C object CMakeFiles/cmTC_200bb.dir/CheckFunctionExists.c.o
/usr/bin/gcc   -DCHECK_FUNCTION_EXISTS=nodelay -o CMakeFiles/cmTC_200bb.dir/CheckFunctionExists.c.o -c /home/parallels/Downloads/cmake-3.24.0/Modules/CheckFunctionExists.c
Linking C executable cmTC_200bb
/home/parallels/Downloads/cmake-3.24.0/Bootstrap.cmk/cmake -E cmake_link_script CMakeFiles/cmTC_200bb.dir/link.txt --verbose=1
/usr/bin/gcc  -DCHECK_FUNCTION_EXISTS=nodelay -rdynamic CMakeFiles/cmTC_200bb.dir/CheckFunctionExists.c.o -o cmTC_200bb  -lncurses 
make[1]: Verzeichnis „/home/parallels/Downloads/cmake-3.24.0/Source/Checks/Curses-build/CMakeFiles/CMakeTmp“ wird verlassen



